<?xml version="1.0" encoding="UTF-8"?>
<!-- Generated by org.testng.reporters.JUnitReportReporter -->
<testsuite skipped="0" hostname="Adels-MacBook-Pro.local" name="Tests.OrderAnItem" tests="2" failures="0" timestamp="18 May 2020 20:42:13 GMT" time="35.079" errors="0">
  <testcase name="CheclSuccessfullMessage" time="2.897" classname="Tests.OrderAnItem"/>
  <testcase name="PlaceAnOrderTestCase" time="32.182" classname="Tests.OrderAnItem"/>
</testsuite> <!-- Tests.OrderAnItem -->
